0 info it worked if it ends with ok
1 verbose cli [ 'C:\\Program Files (x86)\\nodejs\\node.exe',
1 verbose cli   'C:\\Program Files (x86)\\nodejs\\node_modules\\npm\\bin\\npm-cli.js',
1 verbose cli   'i',
1 verbose cli   'express',
1 verbose cli   '--save' ]
2 info using npm@1.1.37
3 info using node@v0.6.20
4 verbose config file C:\Users\anomynos\.npmrc
5 verbose config file C:\Program Files (x86)\nodejs\etc\npmrc
6 verbose config file C:\Program Files (x86)\nodejs\node_modules\npm\npmrc
7 verbose read json C:\inetpub\wwwroot\josenilto\package.json
8 verbose read json C:\inetpub\wwwroot\josenilto\package.json
9 verbose cache add [ 'express', null ]
10 silly cache add name=undefined spec="express" args=["express",null]
11 verbose parsed url { pathname: 'express', path: 'express', href: 'express' }
12 silly lockFile f3c62de4-express express
13 verbose lock express C:\Users\anomynos\AppData\Roaming\npm-cache\f3c62de4-express.lock
14 silly lockFile f3c62de4-express express
15 verbose addNamed [ 'express', '' ]
16 verbose addNamed [ null, '' ]
17 silly lockFile 64a534c1-express express@
18 verbose lock express@ C:\Users\anomynos\AppData\Roaming\npm-cache\64a534c1-express.lock
19 silly addNameRange { name: 'express', range: '', hasData: false }
20 verbose url raw express
21 verbose url resolving [ 'https://registry.npmjs.org/', './express' ]
22 verbose url resolved https://registry.npmjs.org/express
23 info retry registry request attempt 1 at 01:41:42
24 http GET https://registry.npmjs.org/express
25 info retry will retry, error on last attempt: Error: SSL Error: CERT_UNTRUSTED
26 info retry registry request attempt 2 at 01:41:52
27 http GET https://registry.npmjs.org/express
28 info retry will retry, error on last attempt: Error: SSL Error: CERT_UNTRUSTED
29 info retry registry request attempt 3 at 01:42:52
30 http GET https://registry.npmjs.org/express
31 silly lockFile 64a534c1-express express@
32 error Error: SSL Error: CERT_UNTRUSTED
32 error     at ClientRequest.<anonymous> (C:\Program Files (x86)\nodejs\node_modules\npm\node_modules\request\main.js:440:26)
32 error     at ClientRequest.g (events.js:156:14)
32 error     at ClientRequest.emit (events.js:67:17)
32 error     at HTTPParser.parserOnIncomingClient [as onIncoming] (http.js:1256:7)
32 error     at HTTPParser.parserOnHeadersComplete [as onHeadersComplete] (http.js:91:29)
32 error     at CleartextStream.socketOnData [as ondata] (http.js:1288:20)
32 error     at CleartextStream._push (tls.js:375:27)
32 error     at SecurePair.cycle (tls.js:734:20)
32 error     at EncryptedStream.write (tls.js:130:13)
32 error     at Socket.ondata (stream.js:38:26)
32 error  [Error: SSL Error: CERT_UNTRUSTED]
33 error You may report this log at:
33 error     <http://github.com/isaacs/npm/issues>
33 error or email it to:
33 error     <npm-@googlegroups.com>
34 error System Windows_NT 6.2.9200
35 error command "C:\\Program Files (x86)\\nodejs\\node.exe" "C:\\Program Files (x86)\\nodejs\\node_modules\\npm\\bin\\npm-cli.js" "i" "express" "--save"
36 error cwd C:\inetpub\wwwroot\josenilto
37 error node -v v0.6.20
38 error npm -v 1.1.37
39 error message SSL Error: CERT_UNTRUSTED
40 verbose exit [ 1, true ]
